results of coverage runs

run 1:
------------------------------------------------------------------------------
                           GCC Code Coverage Report
Directory: .
------------------------------------------------------------------------------
File                                       Lines    Exec  Cover   Missing
------------------------------------------------------------------------------
src/pawn.cpp                                  16      16   100%   
src/pawn.h                                     3       3   100%   
------------------------------------------------------------------------------
TOTAL                                         19      19   100%
------------------------------------------------------------------------------

run 2:
------------------------------------------------------------------------------
                           GCC Code Coverage Report
Directory: .
------------------------------------------------------------------------------
File                                       Lines    Exec  Cover   Missing
------------------------------------------------------------------------------
src/board.cpp                                 46      46   100%   
src/pawn.cpp                                  24      24   100%   
src/pawn.h                                     3       3   100%   
------------------------------------------------------------------------------
TOTAL                                         73      73   100%
------------------------------------------------------------------------------
