results of coverage runs

run 1:
------------------------------------------------------------------------------
                           GCC Code Coverage Report
Directory: .
------------------------------------------------------------------------------
File                                       Lines    Exec  Cover   Missing
------------------------------------------------------------------------------
src/pawn.cpp                                  16      16   100%   
src/pawn.h                                     3       3   100%   
------------------------------------------------------------------------------
TOTAL                                         19      19   100%
------------------------------------------------------------------------------

run 2:
------------------------------------------------------------------------------
                           GCC Code Coverage Report
Directory: .
------------------------------------------------------------------------------
File                                       Lines    Exec  Cover   Missing
------------------------------------------------------------------------------
src/board.cpp                                 46      46   100%   
src/pawn.cpp                                  24      24   100%   
src/pawn.h                                     3       3   100%   
------------------------------------------------------------------------------
TOTAL                                         73      73   100%
------------------------------------------------------------------------------

run 3:
------------------------------------------------------------------------------
                           GCC Code Coverage Report
Directory: .
------------------------------------------------------------------------------
File                                       Lines    Exec  Cover   Missing
------------------------------------------------------------------------------
src/board.cpp                                 85      84    98%   167
src/board.h                                    2       0     0%   26-27
src/boardFab.h                                 4       2    50%   14-15
src/gameHandler.cpp                           33      33   100%   
src/iBoard.h                                   2       2   100%   
src/iPawn.h                                    2       2   100%   
src/pawn.cpp                                  24      24   100%   
src/pawn.h                                     3       3   100%   
src/pawnFab.h                                  3       3   100%   
------------------------------------------------------------------------------
TOTAL                                        158     153    96%
------------------------------------------------------------------------------
